c:\当前项目\video_audio_pro\video_audio_pro\server\ffmpeg_stream_pusher\ffmpeg_stream_pusher\debug\推流器.pch
c:\当前项目\video_audio_pro\video_audio_pro\server\ffmpeg_stream_pusher\ffmpeg_stream_pusher\debug\vc120.pdb
c:\当前项目\video_audio_pro\video_audio_pro\server\ffmpeg_stream_pusher\ffmpeg_stream_pusher\debug\vc120.idb
c:\当前项目\video_audio_pro\video_audio_pro\server\ffmpeg_stream_pusher\ffmpeg_stream_pusher\debug\stdafx.obj
c:\当前项目\video_audio_pro\video_audio_pro\server\ffmpeg_stream_pusher\ffmpeg_stream_pusher\debug\cls_dlgstreampusher.obj
c:\当前项目\video_audio_pro\video_audio_pro\server\ffmpeg_stream_pusher\ffmpeg_stream_pusher\debug\cls_streampusher.obj
c:\当前项目\video_audio_pro\video_audio_pro\server\ffmpeg_stream_pusher\ffmpeg_stream_pusher\debug\public_function.obj
c:\当前项目\video_audio_pro\video_audio_pro\server\ffmpeg_stream_pusher\ffmpeg_stream_pusher\debug\ffmpeg_stream_pusher.res
c:\当前项目\video_audio_pro\video_audio_pro\server\ffmpeg_stream_pusher\debug\推流器.pdb
c:\当前项目\video_audio_pro\video_audio_pro\server\ffmpeg_stream_pusher\ffmpeg_stream_pusher\debug\ffmpeg_s.17d40de8.tlog\cl.command.1.tlog
c:\当前项目\video_audio_pro\video_audio_pro\server\ffmpeg_stream_pusher\ffmpeg_stream_pusher\debug\ffmpeg_s.17d40de8.tlog\cl.read.1.tlog
c:\当前项目\video_audio_pro\video_audio_pro\server\ffmpeg_stream_pusher\ffmpeg_stream_pusher\debug\ffmpeg_s.17d40de8.tlog\cl.write.1.tlog
c:\当前项目\video_audio_pro\video_audio_pro\server\ffmpeg_stream_pusher\ffmpeg_stream_pusher\debug\ffmpeg_s.17d40de8.tlog\link-cvtres.read.1.tlog
c:\当前项目\video_audio_pro\video_audio_pro\server\ffmpeg_stream_pusher\ffmpeg_stream_pusher\debug\ffmpeg_s.17d40de8.tlog\link-cvtres.write.1.tlog
c:\当前项目\video_audio_pro\video_audio_pro\server\ffmpeg_stream_pusher\ffmpeg_stream_pusher\debug\ffmpeg_s.17d40de8.tlog\link-mt.read.1.tlog
c:\当前项目\video_audio_pro\video_audio_pro\server\ffmpeg_stream_pusher\ffmpeg_stream_pusher\debug\ffmpeg_s.17d40de8.tlog\link-mt.write.1.tlog
c:\当前项目\video_audio_pro\video_audio_pro\server\ffmpeg_stream_pusher\ffmpeg_stream_pusher\debug\ffmpeg_s.17d40de8.tlog\link-rc.read.1.tlog
c:\当前项目\video_audio_pro\video_audio_pro\server\ffmpeg_stream_pusher\ffmpeg_stream_pusher\debug\ffmpeg_s.17d40de8.tlog\link-rc.write.1.tlog
c:\当前项目\video_audio_pro\video_audio_pro\server\ffmpeg_stream_pusher\ffmpeg_stream_pusher\debug\ffmpeg_s.17d40de8.tlog\link.command.1.tlog
c:\当前项目\video_audio_pro\video_audio_pro\server\ffmpeg_stream_pusher\ffmpeg_stream_pusher\debug\ffmpeg_s.17d40de8.tlog\link.read.1.tlog
c:\当前项目\video_audio_pro\video_audio_pro\server\ffmpeg_stream_pusher\ffmpeg_stream_pusher\debug\ffmpeg_s.17d40de8.tlog\link.write.1.tlog
c:\当前项目\video_audio_pro\video_audio_pro\server\ffmpeg_stream_pusher\ffmpeg_stream_pusher\debug\ffmpeg_s.17d40de8.tlog\rc.command.1.tlog
c:\当前项目\video_audio_pro\video_audio_pro\server\ffmpeg_stream_pusher\ffmpeg_stream_pusher\debug\ffmpeg_s.17d40de8.tlog\rc.read.1.tlog
c:\当前项目\video_audio_pro\video_audio_pro\server\ffmpeg_stream_pusher\ffmpeg_stream_pusher\debug\ffmpeg_s.17d40de8.tlog\rc.write.1.tlog
